<?xml version="1.0" encoding="UTF-8"?>
<!-- Generated by org.testng.reporters.JUnitReportReporter -->
<testsuite hostname="DESKTOP-0KQFE3I" failures="0" tests="1" name="ltuc_one.MyClass" time="0.004" errors="0" timestamp="2023-10-02T14:58:49 EET" skipped="0">
  <testcase classname="ltuc_one.MyClass" name="MyTest" time="0.004"/>
  <system-out/>
</testsuite> <!-- ltuc_one.MyClass -->
