<?xml version="1.0" encoding="UTF-8"?>
<!-- Generated by org.testng.reporters.JUnitReportReporter -->
<testsuite hostname="DESKTOP-0KQFE3I" failures="0" tests="1" name="ltuc_one.StudentsResult" time="4.405" errors="0" timestamp="2023-10-02T12:31:58 EET" skipped="0">
  <testcase classname="ltuc_one.StudentsResult" name="myTest" time="4.405"/>
  <system-out/>
</testsuite> <!-- ltuc_one.StudentsResult -->
